This is pdfTeX, Version 3.1415926-2.4-1.40.13 (TeX Live 2012/Debian) (format=pdflatex 2014.5.8)  8 MAY 2014 19:58
entering extended mode
 restricted \write18 enabled.
 %&-line parsing enabled.
**Projektbericht.tex
(./Projektbericht.tex
LaTeX2e <2011/06/27>
Babel <v3.8m> and hyphenation patterns for english, dumylang, nohyphenation, lo
aded.
(/usr/share/texlive/texmf-dist/tex/latex/base/report.cls
Document Class: report 2007/10/19 v1.4h Standard LaTeX document class
(/usr/share/texlive/texmf-dist/tex/latex/base/size12.clo
File: size12.clo 2007/10/19 v1.4h Standard LaTeX file (size option)
)
\c@part=\count79
\c@chapter=\count80
\c@section=\count81
\c@subsection=\count82
\c@subsubsection=\count83
\c@paragraph=\count84
\c@subparagraph=\count85
\c@figure=\count86
\c@table=\count87
\abovecaptionskip=\skip41
\belowcaptionskip=\skip42
\bibindent=\dimen102
)
(/usr/share/texlive/texmf-dist/tex/latex/geometry/geometry.sty
Package: geometry 2010/09/12 v5.6 Page Geometry

(/usr/share/texlive/texmf-dist/tex/latex/graphics/keyval.sty
Package: keyval 1999/03/16 v1.13 key=value parser (DPC)
\KV@toks@=\toks14
)
(/usr/share/texlive/texmf-dist/tex/generic/oberdiek/ifpdf.sty
Package: ifpdf 2011/01/30 v2.3 Provides the ifpdf switch (HO)
Package ifpdf Info: pdfTeX in PDF mode is detected.
)
(/usr/share/texlive/texmf-dist/tex/generic/oberdiek/ifvtex.sty
Package: ifvtex 2010/03/01 v1.5 Detect VTeX and its facilities (HO)
Package ifvtex Info: VTeX not detected.
)
(/usr/share/texlive/texmf-dist/tex/generic/ifxetex/ifxetex.sty
Package: ifxetex 2010/09/12 v0.6 Provides ifxetex conditional
)
\Gm@cnth=\count88
\Gm@cntv=\count89
\c@Gm@tempcnt=\count90
\Gm@bindingoffset=\dimen103
\Gm@wd@mp=\dimen104
\Gm@odd@mp=\dimen105
\Gm@even@mp=\dimen106
\Gm@layoutwidth=\dimen107
\Gm@layoutheight=\dimen108
\Gm@layouthoffset=\dimen109
\Gm@layoutvoffset=\dimen110
\Gm@dimlist=\toks15
)
(/usr/share/texlive/texmf-dist/tex/generic/babel/babel.sty
Package: babel 2008/07/08 v3.8m The Babel package

(/usr/share/texlive/texmf-dist/tex/generic/babel/ngermanb.ldf
Language: ngermanb 2008/07/06 v2.6n new German support from the babel system

(/usr/share/texlive/texmf-dist/tex/generic/babel/babel.def
File: babel.def 2008/07/08 v3.8m Babel common definitions
\babel@savecnt=\count91
\U@D=\dimen111
)

Package babel Warning: No hyphenation patterns were loaded for
(babel)                the language `ngerman'
(babel)                I will use the patterns loaded for \language=0 instead.

\l@ngerman = a dialect from \language0
\l@naustrian = a dialect from \language\l@ngerman 
Package babel Info: Making " an active character on input line 92.
)) (/usr/share/texlive/texmf-dist/tex/latex/base/inputenc.sty
Package: inputenc 2008/03/30 v1.1d Input encoding file
\inpenc@prehook=\toks16
\inpenc@posthook=\toks17

(/usr/share/texlive/texmf-dist/tex/latex/base/utf8.def
File: utf8.def 2008/04/05 v1.1m UTF-8 support for inputenc
Now handling font encoding OML ...
... no UTF-8 mapping file for font encoding OML
Now handling font encoding T1 ...
... processing UTF-8 mapping file for font encoding T1

(/usr/share/texlive/texmf-dist/tex/latex/base/t1enc.dfu
File: t1enc.dfu 2008/04/05 v1.1m UTF-8 support for inputenc
   defining Unicode char U+00A1 (decimal 161)
   defining Unicode char U+00A3 (decimal 163)
   defining Unicode char U+00AB (decimal 171)
   defining Unicode char U+00BB (decimal 187)
   defining Unicode char U+00BF (decimal 191)
   defining Unicode char U+00C0 (decimal 192)
   defining Unicode char U+00C1 (decimal 193)
   defining Unicode char U+00C2 (decimal 194)
   defining Unicode char U+00C3 (decimal 195)
   defining Unicode char U+00C4 (decimal 196)
   defining Unicode char U+00C5 (decimal 197)
   defining Unicode char U+00C6 (decimal 198)
   defining Unicode char U+00C7 (decimal 199)
   defining Unicode char U+00C8 (decimal 200)
   defining Unicode char U+00C9 (decimal 201)
   defining Unicode char U+00CA (decimal 202)
   defining Unicode char U+00CB (decimal 203)
   defining Unicode char U+00CC (decimal 204)
   defining Unicode char U+00CD (decimal 205)
   defining Unicode char U+00CE (decimal 206)
   defining Unicode char U+00CF (decimal 207)
   defining Unicode char U+00D0 (decimal 208)
   defining Unicode char U+00D1 (decimal 209)
   defining Unicode char U+00D2 (decimal 210)
   defining Unicode char U+00D3 (decimal 211)
   defining Unicode char U+00D4 (decimal 212)
   defining Unicode char U+00D5 (decimal 213)
   defining Unicode char U+00D6 (decimal 214)
   defining Unicode char U+00D8 (decimal 216)
   defining Unicode char U+00D9 (decimal 217)
   defining Unicode char U+00DA (decimal 218)
   defining Unicode char U+00DB (decimal 219)
   defining Unicode char U+00DC (decimal 220)
   defining Unicode char U+00DD (decimal 221)
   defining Unicode char U+00DE (decimal 222)
   defining Unicode char U+00DF (decimal 223)
   defining Unicode char U+00E0 (decimal 224)
   defining Unicode char U+00E1 (decimal 225)
   defining Unicode char U+00E2 (decimal 226)
   defining Unicode char U+00E3 (decimal 227)
   defining Unicode char U+00E4 (decimal 228)
   defining Unicode char U+00E5 (decimal 229)
   defining Unicode char U+00E6 (decimal 230)
   defining Unicode char U+00E7 (decimal 231)
   defining Unicode char U+00E8 (decimal 232)
   defining Unicode char U+00E9 (decimal 233)
   defining Unicode char U+00EA (decimal 234)
   defining Unicode char U+00EB (decimal 235)
   defining Unicode char U+00EC (decimal 236)
   defining Unicode char U+00ED (decimal 237)
   defining Unicode char U+00EE (decimal 238)
   defining Unicode char U+00EF (decimal 239)
   defining Unicode char U+00F0 (decimal 240)
   defining Unicode char U+00F1 (decimal 241)
   defining Unicode char U+00F2 (decimal 242)
   defining Unicode char U+00F3 (decimal 243)
   defining Unicode char U+00F4 (decimal 244)
   defining Unicode char U+00F5 (decimal 245)
   defining Unicode char U+00F6 (decimal 246)
   defining Unicode char U+00F8 (decimal 248)
   defining Unicode char U+00F9 (decimal 249)
   defining Unicode char U+00FA (decimal 250)
   defining Unicode char U+00FB (decimal 251)
   defining Unicode char U+00FC (decimal 252)
   defining Unicode char U+00FD (decimal 253)
   defining Unicode char U+00FE (decimal 254)
   defining Unicode char U+00FF (decimal 255)
   defining Unicode char U+0102 (decimal 258)
   defining Unicode char U+0103 (decimal 259)
   defining Unicode char U+0104 (decimal 260)
   defining Unicode char U+0105 (decimal 261)
   defining Unicode char U+0106 (decimal 262)
   defining Unicode char U+0107 (decimal 263)
   defining Unicode char U+010C (decimal 268)
   defining Unicode char U+010D (decimal 269)
   defining Unicode char U+010E (decimal 270)
   defining Unicode char U+010F (decimal 271)
   defining Unicode char U+0110 (decimal 272)
   defining Unicode char U+0111 (decimal 273)
   defining Unicode char U+0118 (decimal 280)
   defining Unicode char U+0119 (decimal 281)
   defining Unicode char U+011A (decimal 282)
   defining Unicode char U+011B (decimal 283)
   defining Unicode char U+011E (decimal 286)
   defining Unicode char U+011F (decimal 287)
   defining Unicode char U+0130 (decimal 304)
   defining Unicode char U+0131 (decimal 305)
   defining Unicode char U+0132 (decimal 306)
   defining Unicode char U+0133 (decimal 307)
   defining Unicode char U+0139 (decimal 313)
   defining Unicode char U+013A (decimal 314)
   defining Unicode char U+013D (decimal 317)
   defining Unicode char U+013E (decimal 318)
   defining Unicode char U+0141 (decimal 321)
   defining Unicode char U+0142 (decimal 322)
   defining Unicode char U+0143 (decimal 323)
   defining Unicode char U+0144 (decimal 324)
   defining Unicode char U+0147 (decimal 327)
   defining Unicode char U+0148 (decimal 328)
   defining Unicode char U+014A (decimal 330)
   defining Unicode char U+014B (decimal 331)
   defining Unicode char U+0150 (decimal 336)
   defining Unicode char U+0151 (decimal 337)
   defining Unicode char U+0152 (decimal 338)
   defining Unicode char U+0153 (decimal 339)
   defining Unicode char U+0154 (decimal 340)
   defining Unicode char U+0155 (decimal 341)
   defining Unicode char U+0158 (decimal 344)
   defining Unicode char U+0159 (decimal 345)
   defining Unicode char U+015A (decimal 346)
   defining Unicode char U+015B (decimal 347)
   defining Unicode char U+015E (decimal 350)
   defining Unicode char U+015F (decimal 351)
   defining Unicode char U+0160 (decimal 352)
   defining Unicode char U+0161 (decimal 353)
   defining Unicode char U+0162 (decimal 354)
   defining Unicode char U+0163 (decimal 355)
   defining Unicode char U+0164 (decimal 356)
   defining Unicode char U+0165 (decimal 357)
   defining Unicode char U+016E (decimal 366)
   defining Unicode char U+016F (decimal 367)
   defining Unicode char U+0170 (decimal 368)
   defining Unicode char U+0171 (decimal 369)
   defining Unicode char U+0178 (decimal 376)
   defining Unicode char U+0179 (decimal 377)
   defining Unicode char U+017A (decimal 378)
   defining Unicode char U+017B (decimal 379)
   defining Unicode char U+017C (decimal 380)
   defining Unicode char U+017D (decimal 381)
   defining Unicode char U+017E (decimal 382)
   defining Unicode char U+200C (decimal 8204)
   defining Unicode char U+2013 (decimal 8211)
   defining Unicode char U+2014 (decimal 8212)
   defining Unicode char U+2018 (decimal 8216)
   defining Unicode char U+2019 (decimal 8217)
   defining Unicode char U+201A (decimal 8218)
   defining Unicode char U+201C (decimal 8220)
   defining Unicode char U+201D (decimal 8221)
   defining Unicode char U+201E (decimal 8222)
   defining Unicode char U+2030 (decimal 8240)
   defining Unicode char U+2031 (decimal 8241)
   defining Unicode char U+2039 (decimal 8249)
   defining Unicode char U+203A (decimal 8250)
   defining Unicode char U+2423 (decimal 9251)
)
Now handling font encoding OT1 ...
... processing UTF-8 mapping file for font encoding OT1

(/usr/share/texlive/texmf-dist/tex/latex/base/ot1enc.dfu
File: ot1enc.dfu 2008/04/05 v1.1m UTF-8 support for inputenc
   defining Unicode char U+00A1 (decimal 161)
   defining Unicode char U+00A3 (decimal 163)
   defining Unicode char U+00B8 (decimal 184)
   defining Unicode char U+00BF (decimal 191)
   defining Unicode char U+00C5 (decimal 197)
   defining Unicode char U+00C6 (decimal 198)
   defining Unicode char U+00D8 (decimal 216)
   defining Unicode char U+00DF (decimal 223)
   defining Unicode char U+00E6 (decimal 230)
   defining Unicode char U+00EC (decimal 236)
   defining Unicode char U+00ED (decimal 237)
   defining Unicode char U+00EE (decimal 238)
   defining Unicode char U+00EF (decimal 239)
   defining Unicode char U+00F8 (decimal 248)
   defining Unicode char U+0131 (decimal 305)
   defining Unicode char U+0141 (decimal 321)
   defining Unicode char U+0142 (decimal 322)
   defining Unicode char U+0152 (decimal 338)
   defining Unicode char U+0153 (decimal 339)
   defining Unicode char U+2013 (decimal 8211)
   defining Unicode char U+2014 (decimal 8212)
   defining Unicode char U+2018 (decimal 8216)
   defining Unicode char U+2019 (decimal 8217)
   defining Unicode char U+201C (decimal 8220)
   defining Unicode char U+201D (decimal 8221)
)
Now handling font encoding OMS ...
... processing UTF-8 mapping file for font encoding OMS

(/usr/share/texlive/texmf-dist/tex/latex/base/omsenc.dfu
File: omsenc.dfu 2008/04/05 v1.1m UTF-8 support for inputenc
   defining Unicode char U+00A7 (decimal 167)
   defining Unicode char U+00B6 (decimal 182)
   defining Unicode char U+00B7 (decimal 183)
   defining Unicode char U+2020 (decimal 8224)
   defining Unicode char U+2021 (decimal 8225)
   defining Unicode char U+2022 (decimal 8226)
)
Now handling font encoding OMX ...
... no UTF-8 mapping file for font encoding OMX
Now handling font encoding U ...
... no UTF-8 mapping file for font encoding U
   defining Unicode char U+00A9 (decimal 169)
   defining Unicode char U+00AA (decimal 170)
   defining Unicode char U+00AE (decimal 174)
   defining Unicode char U+00BA (decimal 186)
   defining Unicode char U+02C6 (decimal 710)
   defining Unicode char U+02DC (decimal 732)
   defining Unicode char U+200C (decimal 8204)
   defining Unicode char U+2026 (decimal 8230)
   defining Unicode char U+2122 (decimal 8482)
   defining Unicode char U+2423 (decimal 9251)
))
(/usr/share/texlive/texmf-dist/tex/latex/graphics/graphicx.sty
Package: graphicx 1999/02/16 v1.0f Enhanced LaTeX Graphics (DPC,SPQR)

(/usr/share/texlive/texmf-dist/tex/latex/graphics/graphics.sty
Package: graphics 2009/02/05 v1.0o Standard LaTeX Graphics (DPC,SPQR)

(/usr/share/texlive/texmf-dist/tex/latex/graphics/trig.sty
Package: trig 1999/03/16 v1.09 sin cos tan (DPC)
)
(/usr/share/texlive/texmf-dist/tex/latex/latexconfig/graphics.cfg
File: graphics.cfg 2010/04/23 v1.9 graphics configuration of TeX Live
)
Package graphics Info: Driver file: pdftex.def on input line 91.

(/usr/share/texlive/texmf-dist/tex/latex/pdftex-def/pdftex.def
File: pdftex.def 2011/05/27 v0.06d Graphics/color for pdfTeX

(/usr/share/texlive/texmf-dist/tex/generic/oberdiek/infwarerr.sty
Package: infwarerr 2010/04/08 v1.3 Providing info/warning/error messages (HO)
)
(/usr/share/texlive/texmf-dist/tex/generic/oberdiek/ltxcmds.sty
Package: ltxcmds 2011/11/09 v1.22 LaTeX kernel commands for general use (HO)
)
\Gread@gobject=\count92
))
\Gin@req@height=\dimen112
\Gin@req@width=\dimen113
)
(/usr/share/texlive/texmf-dist/tex/latex/cite/cite.sty
LaTeX Info: Redefining \cite on input line 302.
LaTeX Info: Redefining \nocite on input line 373.
Package: cite 2010/09/10  v 5.3
)
(/usr/share/texlive/texmf-dist/tex/latex/url/url.sty
\Urlmuskip=\muskip10
Package: url 2006/04/12  ver 3.3  Verb mode for urls, etc.
)
(/usr/share/texlive/texmf-dist/tex/latex/hyperref/nameref.sty
Package: nameref 2010/04/30 v2.40 Cross-referencing by name of section

(/usr/share/texlive/texmf-dist/tex/latex/oberdiek/refcount.sty
Package: refcount 2011/10/16 v3.4 Data extraction from label references (HO)
)
(/usr/share/texlive/texmf-dist/tex/generic/oberdiek/gettitlestring.sty
Package: gettitlestring 2010/12/03 v1.4 Cleanup title references (HO)

(/usr/share/texlive/texmf-dist/tex/latex/oberdiek/kvoptions.sty
Package: kvoptions 2011/06/30 v3.11 Key value format for package options (HO)

(/usr/share/texlive/texmf-dist/tex/generic/oberdiek/kvsetkeys.sty
Package: kvsetkeys 2012/04/25 v1.16 Key value parser (HO)

(/usr/share/texlive/texmf-dist/tex/generic/oberdiek/etexcmds.sty
Package: etexcmds 2011/02/16 v1.5 Avoid name clashes with e-TeX commands (HO)

(/usr/share/texlive/texmf-dist/tex/generic/oberdiek/ifluatex.sty
Package: ifluatex 2010/03/01 v1.3 Provides the ifluatex switch (HO)
Package ifluatex Info: LuaTeX not detected.
)
Package etexcmds Info: Could not find \expanded.
(etexcmds)             That can mean that you are not using pdfTeX 1.50 or
(etexcmds)             that some package has redefined \expanded.
(etexcmds)             In the latter case, load this package earlier.
))))
\c@section@level=\count93
LaTeX Info: Redefining \ref on input line 338.
LaTeX Info: Redefining \pageref on input line 338.
)
(/usr/share/texlive/texmf-dist/tex/latex/float/float.sty
Package: float 2001/11/08 v1.3d Float enhancements (AL)
\c@float@type=\count94
\float@exts=\toks18
\float@box=\box26
\@float@everytoks=\toks19
\@floatcapt=\box27
)

! LaTeX Error: File `acronym.sty' not found.

Type X to quit or <RETURN> to proceed,
or enter new name. (Default extension: sty)

Enter file name: l

! LaTeX Error: File `l.sty' not found.

Type X to quit or <RETURN> to proceed,
or enter new name. (Default extension: sty)

Enter file name: 
(/usr/share/texlive/texmf-dist/tex/latex/caption/caption.sty
Package: caption 2012/02/19 v3.2f Customizing captions (AR)

(/usr/share/texlive/texmf-dist/tex/latex/caption/caption3.sty
Package: caption3 2012/01/12 v1.4b caption3 kernel (AR)
\captionmargin=\dimen114
\captionmargin@=\dimen115
\captionwidth=\dimen116
\caption@indent=\dimen117
\caption@parindent=\dimen118
\caption@hangindent=\dimen119
)
\c@ContinuedFloat=\count95
Package caption Info: float package is loaded.
)
(/usr/share/texlive/texmf-dist/tex/latex/setspace/setspace.sty
Package: setspace 2011/12/19 v6.7a set line spacing
)

! LaTeX Error: File `todo.sty' not found.

Type X to quit or <RETURN> to proceed,
or enter new name. (Default extension: sty)

Enter file name: 
(/usr/share/texmf/tex/latex/pgf/frontendlayer/tikz.sty
(/usr/share/texmf/tex/latex/pgf/basiclayer/pgf.sty
(/usr/share/texmf/tex/latex/pgf/utilities/pgfrcs.sty
(/usr/share/texmf/tex/generic/pgf/utilities/pgfutil-common.tex
\pgfutil@everybye=\toks20
)
(/usr/share/texmf/tex/generic/pgf/utilities/pgfutil-latex.def
\pgfutil@abb=\box28

(/usr/share/texlive/texmf-dist/tex/latex/ms/everyshi.sty
Package: everyshi 2001/05/15 v3.00 EveryShipout Package (MS)
))
(/usr/share/texmf/tex/generic/pgf/utilities/pgfrcs.code.tex
Package: pgfrcs 2010/10/25 v2.10 (rcs-revision 1.24)
))
Package: pgf 2008/01/15 v2.10 (rcs-revision 1.12)

(/usr/share/texmf/tex/latex/pgf/basiclayer/pgfcore.sty
(/usr/share/texmf/tex/latex/pgf/systemlayer/pgfsys.sty
(/usr/share/texmf/tex/generic/pgf/systemlayer/pgfsys.code.tex
Package: pgfsys 2010/06/30 v2.10 (rcs-revision 1.37)

(/usr/share/texmf/tex/generic/pgf/utilities/pgfkeys.code.tex
\pgfkeys@pathtoks=\toks21
\pgfkeys@temptoks=\toks22

(/usr/share/texmf/tex/generic/pgf/utilities/pgfkeysfiltered.code.tex
\pgfkeys@tmptoks=\toks23
))
\pgf@x=\dimen120
\pgf@y=\dimen121
\pgf@xa=\dimen122
\pgf@ya=\dimen123
\pgf@xb=\dimen124
\pgf@yb=\dimen125
\pgf@xc=\dimen126
\pgf@yc=\dimen127
\w@pgf@writea=\write3
\r@pgf@reada=\read1
\c@pgf@counta=\count96
\c@pgf@countb=\count97
\c@pgf@countc=\count98
\c@pgf@countd=\count99

(/usr/share/texmf/tex/generic/pgf/systemlayer/pgf.cfg
File: pgf.cfg 2008/05/14  (rcs-revision 1.7)
)
Package pgfsys Info: Driver file for pgf: pgfsys-pdftex.def on input line 900.

(/usr/share/texmf/tex/generic/pgf/systemlayer/pgfsys-pdftex.def
File: pgfsys-pdftex.def 2009/05/22  (rcs-revision 1.26)

(/usr/share/texmf/tex/generic/pgf/systemlayer/pgfsys-common-pdf.def
File: pgfsys-common-pdf.def 2008/05/19  (rcs-revision 1.10)
)))
(/usr/share/texmf/tex/generic/pgf/systemlayer/pgfsyssoftpath.code.tex
File: pgfsyssoftpath.code.tex 2008/07/18  (rcs-revision 1.7)
\pgfsyssoftpath@smallbuffer@items=\count100
\pgfsyssoftpath@bigbuffer@items=\count101
)
(/usr/share/texmf/tex/generic/pgf/systemlayer/pgfsysprotocol.code.tex
File: pgfsysprotocol.code.tex 2006/10/16  (rcs-revision 1.4)
))
(/usr/share/texmf/tex/latex/xcolor/xcolor.sty
Package: xcolor 2007/01/21 v2.11 LaTeX color extensions (UK)

(/usr/share/texlive/texmf-dist/tex/latex/latexconfig/color.cfg
File: color.cfg 2007/01/18 v1.5 color configuration of teTeX/TeXLive
)
Package xcolor Info: Driver file: pdftex.def on input line 225.
Package xcolor Info: Model `cmy' substituted by `cmy0' on input line 1337.
Package xcolor Info: Model `hsb' substituted by `rgb' on input line 1341.
Package xcolor Info: Model `RGB' extended on input line 1353.
Package xcolor Info: Model `HTML' substituted by `rgb' on input line 1355.
Package xcolor Info: Model `Hsb' substituted by `hsb' on input line 1356.
Package xcolor Info: Model `tHsb' substituted by `hsb' on input line 1357.
Package xcolor Info: Model `HSB' substituted by `hsb' on input line 1358.
Package xcolor Info: Model `Gray' substituted by `gray' on input line 1359.
Package xcolor Info: Model `wave' substituted by `hsb' on input line 1360.
)
(/usr/share/texmf/tex/generic/pgf/basiclayer/pgfcore.code.tex
Package: pgfcore 2010/04/11 v2.10 (rcs-revision 1.7)

(/usr/share/texmf/tex/generic/pgf/math/pgfmath.code.tex
(/usr/share/texmf/tex/generic/pgf/math/pgfmathcalc.code.tex
(/usr/share/texmf/tex/generic/pgf/math/pgfmathutil.code.tex)
(/usr/share/texmf/tex/generic/pgf/math/pgfmathparser.code.tex
\pgfmath@dimen=\dimen128
\pgfmath@count=\count102
\pgfmath@box=\box29
\pgfmath@toks=\toks24
\pgfmath@stack@operand=\toks25
\pgfmath@stack@operation=\toks26
)
(/usr/share/texmf/tex/generic/pgf/math/pgfmathfunctions.code.tex
(/usr/share/texmf/tex/generic/pgf/math/pgfmathfunctions.basic.code.tex)
(/usr/share/texmf/tex/generic/pgf/math/pgfmathfunctions.trigonometric.code.tex)
(/usr/share/texmf/tex/generic/pgf/math/pgfmathfunctions.random.code.tex)
(/usr/share/texmf/tex/generic/pgf/math/pgfmathfunctions.comparison.code.tex)
(/usr/share/texmf/tex/generic/pgf/math/pgfmathfunctions.base.code.tex)
(/usr/share/texmf/tex/generic/pgf/math/pgfmathfunctions.round.code.tex)
(/usr/share/texmf/tex/generic/pgf/math/pgfmathfunctions.misc.code.tex)))
(/usr/share/texmf/tex/generic/pgf/math/pgfmathfloat.code.tex
\c@pgfmathroundto@lastzeros=\count103
))
(/usr/share/texmf/tex/generic/pgf/basiclayer/pgfcorepoints.code.tex
File: pgfcorepoints.code.tex 2010/04/09  (rcs-revision 1.20)
\pgf@picminx=\dimen129
\pgf@picmaxx=\dimen130
\pgf@picminy=\dimen131
\pgf@picmaxy=\dimen132
\pgf@pathminx=\dimen133
\pgf@pathmaxx=\dimen134
\pgf@pathminy=\dimen135
\pgf@pathmaxy=\dimen136
\pgf@xx=\dimen137
\pgf@xy=\dimen138
\pgf@yx=\dimen139
\pgf@yy=\dimen140
\pgf@zx=\dimen141
\pgf@zy=\dimen142
)
(/usr/share/texmf/tex/generic/pgf/basiclayer/pgfcorepathconstruct.code.tex
File: pgfcorepathconstruct.code.tex 2010/08/03  (rcs-revision 1.24)
\pgf@path@lastx=\dimen143
\pgf@path@lasty=\dimen144
)
(/usr/share/texmf/tex/generic/pgf/basiclayer/pgfcorepathusage.code.tex
File: pgfcorepathusage.code.tex 2008/04/22  (rcs-revision 1.12)
\pgf@shorten@end@additional=\dimen145
\pgf@shorten@start@additional=\dimen146
)
(/usr/share/texmf/tex/generic/pgf/basiclayer/pgfcorescopes.code.tex
File: pgfcorescopes.code.tex 2010/09/08  (rcs-revision 1.34)
\pgfpic=\box30
\pgf@hbox=\box31
\pgf@layerbox@main=\box32
\pgf@picture@serial@count=\count104
)
(/usr/share/texmf/tex/generic/pgf/basiclayer/pgfcoregraphicstate.code.tex
File: pgfcoregraphicstate.code.tex 2008/04/22  (rcs-revision 1.9)
\pgflinewidth=\dimen147
)
(/usr/share/texmf/tex/generic/pgf/basiclayer/pgfcoretransformations.code.tex
File: pgfcoretransformations.code.tex 2009/06/10  (rcs-revision 1.11)
\pgf@pt@x=\dimen148
\pgf@pt@y=\dimen149
\pgf@pt@temp=\dimen150
)
(/usr/share/texmf/tex/generic/pgf/basiclayer/pgfcorequick.code.tex
File: pgfcorequick.code.tex 2008/10/09  (rcs-revision 1.3)
)
(/usr/share/texmf/tex/generic/pgf/basiclayer/pgfcoreobjects.code.tex
File: pgfcoreobjects.code.tex 2006/10/11  (rcs-revision 1.2)
)
(/usr/share/texmf/tex/generic/pgf/basiclayer/pgfcorepathprocessing.code.tex
File: pgfcorepathprocessing.code.tex 2008/10/09  (rcs-revision 1.8)
)
(/usr/share/texmf/tex/generic/pgf/basiclayer/pgfcorearrows.code.tex
File: pgfcorearrows.code.tex 2008/04/23  (rcs-revision 1.11)
)
(/usr/share/texmf/tex/generic/pgf/basiclayer/pgfcoreshade.code.tex
File: pgfcoreshade.code.tex 2008/11/23  (rcs-revision 1.13)
\pgf@max=\dimen151
\pgf@sys@shading@range@num=\count105
)
(/usr/share/texmf/tex/generic/pgf/basiclayer/pgfcoreimage.code.tex
File: pgfcoreimage.code.tex 2010/03/25  (rcs-revision 1.16)

(/usr/share/texmf/tex/generic/pgf/basiclayer/pgfcoreexternal.code.tex
File: pgfcoreexternal.code.tex 2010/09/01  (rcs-revision 1.17)
\pgfexternal@startupbox=\box33
))
(/usr/share/texmf/tex/generic/pgf/basiclayer/pgfcorelayers.code.tex
File: pgfcorelayers.code.tex 2010/08/27  (rcs-revision 1.2)
)
(/usr/share/texmf/tex/generic/pgf/basiclayer/pgfcoretransparency.code.tex
File: pgfcoretransparency.code.tex 2008/01/17  (rcs-revision 1.2)
)
(/usr/share/texmf/tex/generic/pgf/basiclayer/pgfcorepatterns.code.tex
File: pgfcorepatterns.code.tex 2009/07/02  (rcs-revision 1.3)
)))
(/usr/share/texmf/tex/generic/pgf/modules/pgfmoduleshapes.code.tex
File: pgfmoduleshapes.code.tex 2010/09/09  (rcs-revision 1.13)
\pgfnodeparttextbox=\box34
)
(/usr/share/texmf/tex/generic/pgf/modules/pgfmoduleplot.code.tex
File: pgfmoduleplot.code.tex 2010/10/22  (rcs-revision 1.8)
)
(/usr/share/texmf/tex/latex/pgf/compatibility/pgfcomp-version-0-65.sty
Package: pgfcomp-version-0-65 2007/07/03 v2.10 (rcs-revision 1.7)
\pgf@nodesepstart=\dimen152
\pgf@nodesepend=\dimen153
)
(/usr/share/texmf/tex/latex/pgf/compatibility/pgfcomp-version-1-18.sty
Package: pgfcomp-version-1-18 2007/07/23 v2.10 (rcs-revision 1.1)
))
(/usr/share/texmf/tex/latex/pgf/utilities/pgffor.sty
(/usr/share/texmf/tex/latex/pgf/utilities/pgfkeys.sty
(/usr/share/texmf/tex/generic/pgf/utilities/pgfkeys.code.tex))
(/usr/share/texmf/tex/generic/pgf/utilities/pgffor.code.tex
Package: pgffor 2010/03/23 v2.10 (rcs-revision 1.18)
\pgffor@iter=\dimen154
\pgffor@skip=\dimen155
\pgffor@stack=\toks27
\pgffor@toks=\toks28
))
(/usr/share/texmf/tex/generic/pgf/frontendlayer/tikz/tikz.code.tex
Package: tikz 2010/10/13 v2.10 (rcs-revision 1.76)

(/usr/share/texmf/tex/generic/pgf/libraries/pgflibraryplothandlers.code.tex
File: pgflibraryplothandlers.code.tex 2010/05/31 v2.10 (rcs-revision 1.15)
\pgf@plot@mark@count=\count106
\pgfplotmarksize=\dimen156
)
\tikz@lastx=\dimen157
\tikz@lasty=\dimen158
\tikz@lastxsaved=\dimen159
\tikz@lastysaved=\dimen160
\tikzleveldistance=\dimen161
\tikzsiblingdistance=\dimen162
\tikz@figbox=\box35
\tikz@tempbox=\box36
\tikztreelevel=\count107
\tikznumberofchildren=\count108
\tikznumberofcurrentchild=\count109
\tikz@fig@count=\count110

(/usr/share/texmf/tex/generic/pgf/modules/pgfmodulematrix.code.tex
File: pgfmodulematrix.code.tex 2010/08/24  (rcs-revision 1.4)
\pgfmatrixcurrentrow=\count111
\pgfmatrixcurrentcolumn=\count112
\pgf@matrix@numberofcolumns=\count113
)
\tikz@expandcount=\count114

(/usr/share/texmf/tex/generic/pgf/frontendlayer/tikz/libraries/tikzlibrarytopat
hs.code.tex
File: tikzlibrarytopaths.code.tex 2008/06/17 v2.10 (rcs-revision 1.2)
)))
(/usr/share/texmf/tex/generic/pgf/frontendlayer/tikz/libraries/tikzlibraryshape
s.code.tex
File: tikzlibraryshapes.code.tex 2008/01/09 v2.10 (rcs-revision 1.1)

(/usr/share/texmf/tex/generic/pgf/frontendlayer/tikz/libraries/tikzlibraryshape
s.geometric.code.tex
File: tikzlibraryshapes.geometric.code.tex 2008/01/09 v2.10 (rcs-revision 1.1)

(/usr/share/texmf/tex/generic/pgf/libraries/shapes/pgflibraryshapes.geometric.c
ode.tex
File: pgflibraryshapes.geometric.code.tex 2008/06/26 v2.10 (rcs-revision 1.1)
))
(/usr/share/texmf/tex/generic/pgf/frontendlayer/tikz/libraries/tikzlibraryshape
s.misc.code.tex
File: tikzlibraryshapes.misc.code.tex 2008/01/09 v2.10 (rcs-revision 1.1)

(/usr/share/texmf/tex/generic/pgf/libraries/shapes/pgflibraryshapes.misc.code.t
ex
File: pgflibraryshapes.misc.code.tex 2008/10/07 v2.10 (rcs-revision 1.3)
))
(/usr/share/texmf/tex/generic/pgf/frontendlayer/tikz/libraries/tikzlibraryshape
s.symbols.code.tex
File: tikzlibraryshapes.symbols.code.tex 2008/01/09 v2.10 (rcs-revision 1.1)

(/usr/share/texmf/tex/generic/pgf/libraries/shapes/pgflibraryshapes.symbols.cod
e.tex
File: pgflibraryshapes.symbols.code.tex 2009/10/27 v2.10 (rcs-revision 1.3)
))
(/usr/share/texmf/tex/generic/pgf/frontendlayer/tikz/libraries/tikzlibraryshape
s.arrows.code.tex
File: tikzlibraryshapes.arrows.code.tex 2008/01/09 v2.10 (rcs-revision 1.1)

(/usr/share/texmf/tex/generic/pgf/libraries/shapes/pgflibraryshapes.arrows.code
.tex
File: pgflibraryshapes.arrows.code.tex 2008/06/26 v2.10 (rcs-revision 1.1)
))
(/usr/share/texmf/tex/generic/pgf/frontendlayer/tikz/libraries/tikzlibraryshape
s.callouts.code.tex
(/usr/share/texmf/tex/generic/pgf/libraries/shapes/pgflibraryshapes.callouts.co
de.tex))
(/usr/share/texmf/tex/generic/pgf/frontendlayer/tikz/libraries/tikzlibraryshape
s.multipart.code.tex
File: tikzlibraryshapes.multipart.code.tex 2008/01/09 v2.10 (rcs-revision 1.1)

(/usr/share/texmf/tex/generic/pgf/libraries/shapes/pgflibraryshapes.multipart.c
ode.tex
File: pgflibraryshapes.multipart.code.tex 2010/01/07 v2.10 (rcs-revision 1.2)
\pgfnodepartlowerbox=\box37
\pgfnodeparttwobox=\box38
\pgfnodepartthreebox=\box39
\pgfnodepartfourbox=\box40
\pgfnodeparttwentybox=\box41
\pgfnodepartnineteenbox=\box42
\pgfnodeparteighteenbox=\box43
\pgfnodepartseventeenbox=\box44
\pgfnodepartsixteenbox=\box45
\pgfnodepartfifteenbox=\box46
\pgfnodepartfourteenbox=\box47
\pgfnodepartthirteenbox=\box48
\pgfnodeparttwelvebox=\box49
\pgfnodepartelevenbox=\box50
\pgfnodeparttenbox=\box51
\pgfnodepartninebox=\box52
\pgfnodeparteightbox=\box53
\pgfnodepartsevenbox=\box54
\pgfnodepartsixbox=\box55
\pgfnodepartfivebox=\box56
)))
(/usr/share/texmf/tex/generic/pgf/frontendlayer/tikz/libraries/tikzlibraryarrow
s.code.tex
File: tikzlibraryarrows.code.tex 2008/01/09 v2.10 (rcs-revision 1.1)

(/usr/share/texmf/tex/generic/pgf/libraries/pgflibraryarrows.code.tex
File: pgflibraryarrows.code.tex 2008/10/27 v2.10 (rcs-revision 1.9)
\arrowsize=\dimen163
))
(/usr/share/texlive/texmf-dist/tex/latex/listings/listings.sty
\lst@mode=\count115
\lst@gtempboxa=\box57
\lst@token=\toks29
\lst@length=\count116
\lst@currlwidth=\dimen164
\lst@column=\count117
\lst@pos=\count118
\lst@lostspace=\dimen165
\lst@width=\dimen166
\lst@newlines=\count119
\lst@lineno=\count120
\lst@maxwidth=\dimen167

(/usr/share/texlive/texmf-dist/tex/latex/listings/lstmisc.sty
File: lstmisc.sty 2007/02/22 1.4 (Carsten Heinz)
\c@lstnumber=\count121
\lst@skipnumbers=\count122
\lst@framebox=\box58
)
(/usr/share/texlive/texmf-dist/tex/latex/listings/listings.cfg
File: listings.cfg 2007/02/22 1.4 listings configuration
))
Package: listings 2007/02/22 1.4 (Carsten Heinz)

(/usr/share/texlive/texmf-dist/tex/latex/listings/lstlang1.sty
File: lstlang1.sty 2004/09/05 1.3 listings language file
)
(/usr/share/texlive/texmf-dist/tex/latex/hyperref/hyperref.sty
Package: hyperref 2012/05/13 v6.82q Hypertext links for LaTeX

(/usr/share/texlive/texmf-dist/tex/generic/oberdiek/hobsub-hyperref.sty
Package: hobsub-hyperref 2012/05/28 v1.13 Bundle oberdiek, subset hyperref (HO)


(/usr/share/texlive/texmf-dist/tex/generic/oberdiek/hobsub-generic.sty
Package: hobsub-generic 2012/05/28 v1.13 Bundle oberdiek, subset generic (HO)
Package: hobsub 2012/05/28 v1.13 Construct package bundles (HO)
Package hobsub Info: Skipping package `infwarerr' (already loaded).
Package hobsub Info: Skipping package `ltxcmds' (already loaded).
Package hobsub Info: Skipping package `ifluatex' (already loaded).
Package hobsub Info: Skipping package `ifvtex' (already loaded).
Package: intcalc 2007/09/27 v1.1 Expandable calculations with integers (HO)
Package hobsub Info: Skipping package `ifpdf' (already loaded).
Package hobsub Info: Skipping package `etexcmds' (already loaded).
Package hobsub Info: Skipping package `kvsetkeys' (already loaded).
Package: kvdefinekeys 2011/04/07 v1.3 Define keys (HO)
Package: pdftexcmds 2011/11/29 v0.20 Utility functions of pdfTeX for LuaTeX (HO
)
Package pdftexcmds Info: LuaTeX not detected.
Package pdftexcmds Info: \pdf@primitive is available.
Package pdftexcmds Info: \pdf@ifprimitive is available.
Package pdftexcmds Info: \pdfdraftmode found.
Package: pdfescape 2011/11/25 v1.13 Implements pdfTeX's escape features (HO)
Package: bigintcalc 2012/04/08 v1.3 Expandable calculations on big integers (HO
)
Package: bitset 2011/01/30 v1.1 Handle bit-vector datatype (HO)
Package: uniquecounter 2011/01/30 v1.2 Provide unlimited unique counter (HO)
)
Package hobsub Info: Skipping package `hobsub' (already loaded).
Package: letltxmacro 2010/09/02 v1.4 Let assignment for LaTeX macros (HO)
Package: hopatch 2012/05/28 v1.2 Wrapper for package hooks (HO)
Package: xcolor-patch 2011/01/30 xcolor patch
Package: atveryend 2011/06/30 v1.8 Hooks at the very end of document (HO)
Package atveryend Info: \enddocument detected (standard20110627).
Package: atbegshi 2011/10/05 v1.16 At begin shipout hook (HO)
Package hobsub Info: Skipping package `refcount' (already loaded).
Package: hycolor 2011/01/30 v1.7 Color options for hyperref/bookmark (HO)
)
\@linkdim=\dimen168
\Hy@linkcounter=\count123
\Hy@pagecounter=\count124

(/usr/share/texlive/texmf-dist/tex/latex/hyperref/pd1enc.def
File: pd1enc.def 2012/05/13 v6.82q Hyperref: PDFDocEncoding definition (HO)
Now handling font encoding PD1 ...
... no UTF-8 mapping file for font encoding PD1
)
\Hy@SavedSpaceFactor=\count125

(/usr/share/texlive/texmf-dist/tex/latex/latexconfig/hyperref.cfg
File: hyperref.cfg 2002/06/06 v1.2 hyperref configuration of TeXLive
)
Package hyperref Info: Option `colorlinks' set `true' on input line 3941.
Package hyperref Info: Option `pdfpagelabels' set `true' on input line 3941.
Package hyperref Info: Option `bookmarksopen' set `true' on input line 3941.
Package hyperref Info: Option `bookmarksnumbered' set `true' on input line 3941
.
Package hyperref Info: Option `plainpages' set `false' on input line 3941.
Package hyperref Info: Option `hypertexnames' set `false' on input line 3941.
Package hyperref Info: Hyper figures OFF on input line 4062.
Package hyperref Info: Link nesting OFF on input line 4067.
Package hyperref Info: Hyper index ON on input line 4070.
Package hyperref Info: Plain pages OFF on input line 4077.
Package hyperref Info: Backreferencing OFF on input line 4082.
Package hyperref Info: Implicit mode ON; LaTeX internals redefined.
Package hyperref Info: Bookmarks ON on input line 4300.
\c@Hy@tempcnt=\count126
LaTeX Info: Redefining \url on input line 4653.
\Fld@menulength=\count127
\Field@Width=\dimen169
\Fld@charsize=\dimen170
Package hyperref Info: Hyper figures OFF on input line 5773.
Package hyperref Info: Link nesting OFF on input line 5778.
Package hyperref Info: Hyper index ON on input line 5781.
Package hyperref Info: backreferencing OFF on input line 5788.
Package hyperref Info: Link coloring ON on input line 5791.
Package hyperref Info: Link coloring with OCG OFF on input line 5798.
Package hyperref Info: PDF/A mode OFF on input line 5803.
LaTeX Info: Redefining \ref on input line 5843.
LaTeX Info: Redefining \pageref on input line 5847.
\Hy@abspage=\count128
\c@Item=\count129
\c@Hfootnote=\count130
)

Package hyperref Message: Driver (autodetected): hpdftex.

(/usr/share/texlive/texmf-dist/tex/latex/hyperref/hpdftex.def
File: hpdftex.def 2012/05/13 v6.82q Hyperref driver for pdfTeX
\Fld@listcount=\count131
\c@bookmark@seq@number=\count132

(/usr/share/texlive/texmf-dist/tex/latex/oberdiek/rerunfilecheck.sty
Package: rerunfilecheck 2011/04/15 v1.7 Rerun checks for auxiliary files (HO)
Package uniquecounter Info: New unique counter `rerunfilecheck' on input line 2
82.
)
\Hy@SectionHShift=\skip43
)
(/usr/share/texlive/texmf-dist/tex/latex/fancyhdr/fancyhdr.sty
\fancy@headwidth=\skip44
\f@ncyO@elh=\skip45
\f@ncyO@erh=\skip46
\f@ncyO@olh=\skip47
\f@ncyO@orh=\skip48
\f@ncyO@elf=\skip49
\f@ncyO@erf=\skip50
\f@ncyO@olf=\skip51
\f@ncyO@orf=\skip52
)
(./Projektbericht.aux)
\openout1 = `Projektbericht.aux'.

LaTeX Font Info:    Checking defaults for OML/cmm/m/it on input line 118.
LaTeX Font Info:    ... okay on input line 118.
LaTeX Font Info:    Checking defaults for T1/cmr/m/n on input line 118.
LaTeX Font Info:    ... okay on input line 118.
LaTeX Font Info:    Checking defaults for OT1/cmr/m/n on input line 118.
LaTeX Font Info:    ... okay on input line 118.
LaTeX Font Info:    Checking defaults for OMS/cmsy/m/n on input line 118.
LaTeX Font Info:    ... okay on input line 118.
LaTeX Font Info:    Checking defaults for OMX/cmex/m/n on input line 118.
LaTeX Font Info:    ... okay on input line 118.
LaTeX Font Info:    Checking defaults for U/cmr/m/n on input line 118.
LaTeX Font Info:    ... okay on input line 118.
LaTeX Font Info:    Checking defaults for PD1/pdf/m/n on input line 118.
LaTeX Font Info:    ... okay on input line 118.

*geometry* driver: auto-detecting
*geometry* detected driver: pdftex
*geometry* verbose mode - [ preamble ] result:
* driver: pdftex
* paper: a4paper
* layout: <same size as paper>
* layoutoffset:(h,v)=(0.0pt,0.0pt)
* modes: 
* h-part:(L,W,R)=(99.58464pt, 412.56497pt, 85.35826pt)
* v-part:(T,H,B)=(85.35826pt, 674.33032pt, 85.35826pt)
* \paperwidth=597.50787pt
* \paperheight=845.04684pt
* \textwidth=412.56497pt
* \textheight=674.33032pt
* \oddsidemargin=27.31465pt
* \evensidemargin=27.31465pt
* \topmargin=-27.36447pt
* \headheight=12.0pt
* \headsep=28.45274pt
* \topskip=12.0pt
* \footskip=34.1433pt
* \marginparwidth=35.0pt
* \marginparsep=10.0pt
* \columnsep=10.0pt
* \skip\footins=10.8pt plus 4.0pt minus 2.0pt
* \hoffset=0.0pt
* \voffset=0.0pt
* \mag=1000
* \@twocolumnfalse
* \@twosidefalse
* \@mparswitchfalse
* \@reversemarginfalse
* (1in=72.27pt=25.4mm, 1cm=28.453pt)

(/usr/share/texlive/texmf-dist/tex/context/base/supp-pdf.mkii
[Loading MPS to PDF converter (version 2006.09.02).]
\scratchcounter=\count133
\scratchdimen=\dimen171
\scratchbox=\box59
\nofMPsegments=\count134
\nofMParguments=\count135
\everyMPshowfont=\toks30
\MPscratchCnt=\count136
\MPscratchDim=\dimen172
\MPnumerator=\count137
\makeMPintoPDFobject=\count138
\everyMPtoPDFconversion=\toks31
) (/usr/share/texlive/texmf-dist/tex/latex/oberdiek/epstopdf-base.sty
Package: epstopdf-base 2010/02/09 v2.5 Base part for package epstopdf

(/usr/share/texlive/texmf-dist/tex/latex/oberdiek/grfext.sty
Package: grfext 2010/08/19 v1.1 Manage graphics extensions (HO)
)
Package grfext Info: Graphics extension search list:
(grfext)             [.png,.pdf,.jpg,.mps,.jpeg,.jbig2,.jb2,.PNG,.PDF,.JPG,.JPE
G,.JBIG2,.JB2,.eps]
(grfext)             \AppendGraphicsExtensions on input line 452.

(/usr/share/texlive/texmf-dist/tex/latex/latexconfig/epstopdf-sys.cfg
File: epstopdf-sys.cfg 2010/07/13 v1.3 Configuration of (r)epstopdf for TeX Liv
e
))
Package caption Info: Begin \AtBeginDocument code.
Package caption Info: hyperref package is loaded.
Package caption Info: listings package is loaded.
Package caption Info: End \AtBeginDocument code.

ABD: EveryShipout initializing macros
\c@lstlisting=\count139
\AtBeginShipoutBox=\box60
Package hyperref Info: Link coloring ON on input line 118.
LaTeX Info: Redefining \ref on input line 118.
LaTeX Info: Redefining \pageref on input line 118.
LaTeX Info: Redefining \nameref on input line 118.
 (./Projektbericht.out)
(./Projektbericht.out)
\@outlinefile=\write4
\openout4 = `Projektbericht.out'.

 <Bilder/dhbw-logo.png, id=228, 130.086pt x 62.8749pt>
File: Bilder/dhbw-logo.png Graphic file (type png)

<use Bilder/dhbw-logo.png>
Package pdftex.def Info: Bilder/dhbw-logo.png used on input line 126.
(pdftex.def)             Requested size: 113.81102pt x 55.01154pt.
LaTeX Font Info:    External font `cmex10' loaded for size
(Font)              <12> on input line 140.
LaTeX Font Info:    External font `cmex10' loaded for size
(Font)              <8> on input line 140.
LaTeX Font Info:    External font `cmex10' loaded for size
(Font)              <6> on input line 140.
 [1

{/var/lib/texmf/fonts/map/pdftex/updmap/pdftex.map} <./Bilder/dhbw-logo.png>] (
./Anhang/erklaerung.tex
LaTeX Font Info:    Try loading font information for OMS+cmr on input line 11.

(/usr/share/texlive/texmf-dist/tex/latex/base/omscmr.fd
File: omscmr.fd 1999/05/25 v2.5h Standard LaTeX font definitions
)
LaTeX Font Info:    Font shape `OMS/cmr/m/n' in size <12> not available
(Font)              Font shape `OMS/cmsy/m/n' tried instead on input line 11.

Underfull \hbox (badness 10000) in paragraph at lines 19--22

 []


Underfull \hbox (badness 10000) in paragraph at lines 19--22

 []


Underfull \hbox (badness 10000) in paragraph at lines 19--22

 []

) [1] (./Projektbericht.toc [2

])
\tf@toc=\write5
\openout5 = `Projektbericht.toc'.



Package Fancyhdr Warning: \headheight is too small (12.0pt): 
 Make it at least 14.49998pt.
 We now make it that large for the rest of the document.
 This may cause the page layout to be inconsistent, however.

[3] (./Projektbericht.lof

LaTeX Warning: Citation `ws:microsoft_kinect' on page 4 undefined on input line
 8.


LaTeX Warning: Citation `ws:microsoft_coordinateSpaces' on page 4 undefined on 
input line 12.


LaTeX Warning: Citation `ws:microsoft_jointType' on page 4 undefined on input l
ine 13.


LaTeX Warning: Citation `pdf:realtime_human_pose' on page 4 undefined on input 
line 14.


LaTeX Warning: Citation `ws:microsoft_coordinateSpaces' on page 4 undefined on 
input line 15.

)
\tf@lof=\write6
\openout6 = `Projektbericht.lof'.

 [4

] (./Projektbericht.lot)
\tf@lot=\write7
\openout7 = `Projektbericht.lot'.

 [5

] (./Projektbericht.lol

LaTeX Warning: Citation `pdf:maccormick' on page 6 undefined on input line 1.

)
\tf@lol=\write8
\openout8 = `Projektbericht.lol'.

 (./Anhang/abkuerzungsverzeichnis.tex [6

]

! LaTeX Error: Environment acronym undefined.

See the LaTeX manual or LaTeX Companion for explanation.
Type  H <return>  for immediate help.
 ...                                              
                                                  
l.4 \begin{acronym}
                   [wwwwwwwwwwwwwwwww]                % Inhalt der eckigen K...

? 
! Undefined control sequence.
l.7   \acro
           {DHBW}{Dualen Hochschule Baden-Württemberg}
? 
! Undefined control sequence.
l.8   \acro
           {SDK}{Software Development Kit}
? 
! Undefined control sequence.
l.9   \acro
           {API}{application programming interface}
? 
! Undefined control sequence.
l.10   \acro
            {FPS}{Frames per second}
? 
! Undefined control sequence.
l.11   \acro
            {IR-Emitter}{Infrarot-Emitter}
? 
! Undefined control sequence.
l.12   \acro
            {CMOS}{Complementary Metal Oxide Semiconductor}
? 
! Undefined control sequence.
l.13   \acro
            {VDI}{Verein Deutscher Ingenieure}
? 

Overfull \hbox (22.93056pt too wide) in paragraph at lines 7--14
\OT1/cmr/m/n/12 Kit API-ap-pli-ca-tion pro-gram-ming in-ter-face FPS-Frames per
 sec-ond IR-EmitterInfrarot-
 []


! LaTeX Error: \begin{singlespace} on input line 2 ended by \end{acronym}.

See the LaTeX manual or LaTeX Companion for explanation.
Type  H <return>  for immediate help.
 ...                                              
                                                  
l.15 \end{acronym}
                              % Ende der Acro Umgebung
? 
) [7

] (./Kapitel/Einleitung/Einleitung.tex
Kapitel 1.

Overfull \hbox (4.31682pt too wide) in paragraph at lines 4--5
\OT1/cmr/m/n/12 In dieser Ein-leitung wird das zen-trale The-ma dieser Ar-beit 
beleuchtet, beschrieben,
 []

[1

]
! Undefined control sequence.
l.18 ...wichtigster Aspekt die Darstellung des \ac
                                                  {SDK} beider Systeme. Als ...

? 

Overfull \hbox (33.0582pt too wide) in paragraph at lines 22--23
\OT1/cmr/m/n/12 weit-erf[]uhrende An-wen-dungs-ge-bi-ete solch-er Gestenim-i-ta
-tio-nen durch Robot-er vorgenom-
 []

! Undefined control sequence.
l.25 ...rde während zwei Theoriephasen an der \ac
                                                  {DHBW} am Standort Karlsru...

? 
! Undefined control sequence.
l.29 ...t. Dies macht es einfacher, die beiden \ac
                                                  {SDK} später zu verknüpfen.

? 
LaTeX Font Info:    External font `cmex10' loaded for size
(Font)              <7> on input line 31.
LaTeX Font Info:    External font `cmex10' loaded for size
(Font)              <5> on input line 31.
) (./Kapitel/Grundlagen/Robotik.tex [2] [3]
Kapitel 2.
(./Kapitel/Grundlagen/Geschichte.tex
Overfull \hbox (16.80003pt too wide) in paragraph at lines 4--5
[]\OT1/cmr/m/n/12 Der er-ste sagen-hafte Kon-struk-teur von Maschi-nen und au-t
o-maten-haften Gebilden
 []


Overfull \hbox (33.20819pt too wide) in paragraph at lines 6--7
\OT1/cmr/m/n/12 Erw[]ahnungen solch-er (halb-)automatischer Stat-uen, die dort 
zu Repr[]asentationszwecken
 []

[4

] <Bilder/Duck_of_Vaucanson.jpg, id=430, 281.05pt x 252.945pt>
File: Bilder/Duck_of_Vaucanson.jpg Graphic file (type jpg)

<use Bilder/Duck_of_Vaucanson.jpg>
Package pdftex.def Info: Bilder/Duck_of_Vaucanson.jpg used on input line 16.
(pdftex.def)             Requested size: 252.94264pt x 227.64839pt.
 [5 <./Bilder/Duck_of_Vaucanson.jpg>]
<Bilder/shakey.jpg, id=437, 136.22894pt x 216.44865pt>
File: Bilder/shakey.jpg Graphic file (type jpg)
 <use Bilder/shakey.jpg>
Package pdftex.def Info: Bilder/shakey.jpg used on input line 25.
(pdftex.def)             Requested size: 136.22859pt x 216.44812pt.

Underfull \hbox (badness 10000) in paragraph at lines 29--33

 []


Overfull \hbox (2.74136pt too wide) in paragraph at lines 29--33
\OT1/cmr/m/n/12 ihrer Umge-bung in-ter-agierten und nicht mehr []starr\ ihre Be
-we-gun-gen ausf[]uhrten.
 []

) (./Kapitel/Grundlagen/Definition.tex

LaTeX Warning: Citation `hertzberg2009mobile' on page 6 undefined on input line
 2.


LaTeX Warning: Citation `hertzberg2009mobile' on page 6 undefined on input line
 2.

! Undefined control sequence.
l.2 ...eine Definition für Robotik ist in der \ac
                                                  {VDI} Richtlinie 2860 von ...

? 
! Undefined control sequence.
l.9 ...obile Roboter. Diese Sprachregelung der \ac
                                                  {VDI} zielt eher auf Handh...

? 

LaTeX Warning: Citation `Haun2007' on page 6 undefined on input line 9.


Underfull \hbox (badness 10000) in paragraph at lines 2--10

 []


Overfull \hbox (2.40569pt too wide) in paragraph at lines 2--10
\OT1/cmr/m/it/12 la-tor mit min-destens drei un-abh[]angigen Achsen, um Ma-te-r
i-alien, Teile, Werkzeuge
 []


Overfull \hbox (15.64185pt too wide) in paragraph at lines 2--10
\OT1/cmr/m/it/12 oder spezielle Ger[]ate auf pro-gram-mierten, vari-ablen Bah-n
en zu be-we-gen zur Erf[]ullung
 []


Underfull \hbox (badness 10000) in paragraph at lines 2--10

 []


Overfull \hbox (9.93198pt too wide) in paragraph at lines 2--10
\OT1/cmr/m/n/12 Allerdings passt diese Def-i-ni-tion nicht gut auf mo-bile Robo
t-er. Diese Sprachregelung
 []

[6 <./Bilder/shakey.jpg>]

LaTeX Warning: Citation `Haun2007' on page 7 undefined on input line 11.


LaTeX Warning: Citation `hertzberg2009mobile' on page 7 undefined on input line
 11.


LaTeX Warning: Citation `hertzberg2009mobile' on page 7 undefined on input line
 11.


LaTeX Warning: Citation `Haun2007' on page 7 undefined on input line 11.


LaTeX Warning: Citation `Haun2007' on page 7 undefined on input line 11.

[7]

LaTeX Warning: Citation `Haun2007' on page 8 undefined on input line 25.

<Bilder/asimo.jpg, id=453, 423.83344pt x 566.115pt>
File: Bilder/asimo.jpg Graphic file (type jpg)
 <use Bilder/asimo.jpg>
Package pdftex.def Info: Bilder/asimo.jpg used on input line 30.
(pdftex.def)             Requested size: 211.91618pt x 283.05681pt.

[8]

LaTeX Warning: Citation `Haun2007' on page 9 undefined on input line 35.


LaTeX Warning: Citation `Haun2007' on page 9 undefined on input line 36.


Overfull \hbox (12.66083pt too wide) in paragraph at lines 35--37
[]\OT1/cmr/bx/n/12 Industrieroboter \OT1/cmr/m/n/12 hinge-gen haben sich in der
 ak-tuellen Zeit schon sehr etabliert.
 []


LaTeX Warning: Citation `Haun2007' on page 9 undefined on input line 38.

[9 <./Bilder/asimo.jpg>]) (./Kapitel/Grundlagen/Komponenten.tex

LaTeX Warning: Citation `Haun2007' on page 10 undefined on input line 2.

[10]

LaTeX Warning: Citation `Haun2007' on page 11 undefined on input line 21.

[11]) (./Kapitel/Grundlagen/Freiheitsgrad.tex
Overfull \hbox (8.564pt too wide) in paragraph at lines 27--1
\OT1/cmr/m/n/12 mit einem Ob-jekt in Ber[]uhrung kommt, wird dadurch der Mikros
chal-ter geschlossen
 []


Underfull \hbox (badness 10000) in paragraph at lines 27--1

 []

[12]

LaTeX Warning: Citation `hertzberg2009mobile' on page 13 undefined on input lin
e 4.

)) (./Kapitel/Kinect/Kinect.tex
Overfull \hbox (14.62889pt too wide) in paragraph at lines 11--1
\OT1/cmr/m/n/12 m[]ogliche Pose wech-seln kann, wird von einem \OT1/cmr/m/it/12
 holonomen \OT1/cmr/m/n/12 Robot-er-sys-tem gesprochen.
 []

[13]
Kapitel 3.
(./Kapitel/Kinect/Hardware.tex
Underfull \hbox (badness 10000) in paragraph at lines 2--4

 []

<Bilder/kinect_sensor_aufbau.png, id=489, 432.86719pt x 222.07968pt>
File: Bilder/kinect_sensor_aufbau.png Graphic file (type png)

<use Bilder/kinect_sensor_aufbau.png>
Package pdftex.def Info: Bilder/kinect_sensor_aufbau.png used on input line 7.
(pdftex.def)             Requested size: 389.57686pt x 199.86986pt.


LaTeX Warning: Citation `ws:microsoft_kinect' on page 14 undefined on input lin
e 8.


LaTeX Warning: Citation `ws:microsoft_kinect' on page 14 undefined on input lin
e 8.


LaTeX Warning: Citation `webb2012beginning' on page 14 undefined on input line 
15.

[14

 <./Bilder/kinect_sensor_aufbau.png>]
! Undefined control sequence.
l.22 ...flösung von 640 x 480 Pixel werden 30 \ac
                                                  {FPS} und bei 1280 x 960 P...

? 
! Undefined control sequence.
l.22 ...{FPS} und bei 1280 x 960 Pixel noch 12 \ac
                                                  {FPS} unterstützt.
? 

LaTeX Warning: Citation `jana2012kinect' on page 15 undefined on input line 23.


! Undefined control sequence.
l.28 ...ndig sind. Diese Komponenten sind der \acf
                                                  {IR-Emitter} und der IR-Ti...

? 
! Undefined control sequence.
l.33 	Der \acs
              {IR-Emitter} sendet dabei ein spezielles Punktmuster aus (Sieh...

? 
<Bilder/kinect_dots.jpg, id=496, 602.25pt x 451.6875pt>
File: Bilder/kinect_dots.jpg Graphic file (type jpg)

<use Bilder/kinect_dots.jpg>
Package pdftex.def Info: Bilder/kinect_dots.jpg used on input line 38.
(pdftex.def)             Requested size: 301.12425pt x 225.84319pt.

! Undefined control sequence.
l.44 	Der IR-Empfänger ist ein \acf
                                    {CMOS}-Chip und unterstützt eine maxima...

? 

LaTeX Warning: Citation `pdf:maccormick' on page 15 undefined on input line 49.


[15 <./Bilder/kinect_dots.jpg>]
<Bilder/kinect_dots_green.jpg, id=502, 481.8pt x 361.35pt>
File: Bilder/kinect_dots_green.jpg Graphic file (type jpg)

<use Bilder/kinect_dots_green.jpg>
Package pdftex.def Info: Bilder/kinect_dots_green.jpg used on input line 56.
(pdftex.def)             Requested size: 240.8994pt x 180.67456pt.


LaTeX Warning: Citation `pdf:maccormick' on page 16 undefined on input line 62.



LaTeX Warning: Citation `pdf:parallaxe' on page 16 undefined on input line 63.


Overfull \hbox (5.46713pt too wide) in paragraph at lines 61--64
\OT1/cmr/m/n/12 Die \OT1/cmr/m/it/12 Depth from Stereo \OT1/cmr/m/n/12 Meth-ode
 beruht auf der Par-al-laxe. Ver[]andert ein Beobachter
 []


LaTeX Warning: Citation `jana2012kinect' on page 16 undefined on input line 73.


[16 <./Bilder/kinect_dots_green.jpg>]

LaTeX Warning: Citation `jana2012kinect' on page 17 undefined on input line 82.


) (./Kapitel/Kinect/Software.tex [17]
<Bilder/kinect_tiefenstream.png, id=518, 465.23813pt x 398.23781pt>
File: Bilder/kinect_tiefenstream.png Graphic file (type png)

<use Bilder/kinect_tiefenstream.png>
Package pdftex.def Info: Bilder/kinect_tiefenstream.png used on input line 62.
(pdftex.def)             Requested size: 232.61848pt x 199.11841pt.

<Bilder/kinect_range.png, id=520, 559.33969pt x 256.70906pt>
File: Bilder/kinect_range.png Graphic file (type png)

<use Bilder/kinect_range.png>
Package pdftex.def Info: Bilder/kinect_range.png used on input line 70.
(pdftex.def)             Requested size: 391.53511pt x 179.6951pt.


LaTeX Warning: Citation `ws:microsoft_coordinateSpaces' on page 18 undefined on
 input line 71.


LaTeX Warning: Citation `ws:microsoft_coordinateSpaces' on page 18 undefined on
 input line 71.

[18 <./Bilder/kinect_tiefenstream.png>]

LaTeX Warning: Citation `SWB-376536934' on page 19 undefined on input line 79.

<Bilder/kinect_joints.png, id=528, 245.41687pt x 243.91125pt>
File: Bilder/kinect_joints.png Graphic file (type png)

<use Bilder/kinect_joints.png>
Package pdftex.def Info: Bilder/kinect_joints.png used on input line 121.
(pdftex.def)             Requested size: 245.41626pt x 243.91064pt.


LaTeX Warning: Citation `ws:microsoft_jointType' on page 19 undefined on input 
line 122.


LaTeX Warning: Citation `ws:microsoft_jointType' on page 19 undefined on input 
line 122.

[19 <./Bilder/kinect_range.png>]
Underfull \hbox (badness 10000) in paragraph at lines 126--128

 []


Underfull \hbox (badness 10000) in paragraph at lines 126--128

 []


LaTeX Warning: Citation `pdf:realtime_human_pose' on page 20 undefined on input
 line 133.

<Bilder/kinect_body_parts.png, id=533, 626.34pt x 455.7025pt>
File: Bilder/kinect_body_parts.png Graphic file (type png)

<use Bilder/kinect_body_parts.png>
Package pdftex.def Info: Bilder/kinect_body_parts.png used on input line 138.
(pdftex.def)             Requested size: 313.16922pt x 227.85068pt.


LaTeX Warning: Citation `pdf:realtime_human_pose' on page 20 undefined on input
 line 139.


LaTeX Warning: Citation `pdf:realtime_human_pose' on page 20 undefined on input
 line 139.

[20 <./Bilder/kinect_joints.png>]
Underfull \hbox (badness 10000) in paragraph at lines 143--151

 []

<Bilder/kinect_skeleton_space.png, id=539, 179.16937pt x 198.7425pt>
File: Bilder/kinect_skeleton_space.png Graphic file (type png)

<use Bilder/kinect_skeleton_space.png>
Package pdftex.def Info: Bilder/kinect_skeleton_space.png used on input line 15
4.
(pdftex.def)             Requested size: 143.33568pt x 158.9942pt.


LaTeX Warning: Citation `ws:microsoft_coordinateSpaces' on page 21 undefined on
 input line 155.


LaTeX Warning: Citation `ws:microsoft_coordinateSpaces' on page 21 undefined on
 input line 155.

[21 <./Bilder/kinect_body_parts.png>]

LaTeX Warning: Citation `ws:microsoft_coordinateSpaces' on page 22 undefined on
 input line 160.

) (./Kapitel/Kinect/SDK.tex

LaTeX Warning: Citation `webb2012beginning' on page 22 undefined on input line 
26.


LaTeX Warning: Citation `webb2012beginning' on page 22 undefined on input line 
27.


Overfull \hbox (6.3877pt too wide) in paragraph at lines 26--28
\OT1/cmr/m/n/12 schiedlichen 3D-Sensoren zu kom-binieren. [\OT1/cmr/bx/n/12 ?\O
T1/cmr/m/n/12 ] Mi-crosoft zog nach und ver[]offentlichte
 []

[22 <./Bilder/kinect_skeleton_space.png>] (./Listings/Kinect_Sample.cs [23])

LaTeX Warning: Citation `pdf:maccormick' on page 24 undefined on input line 43.



LaTeX Warning: Citation `pdf:maccormick' on page 24 undefined on input line 43.



Underfull \hbox (badness 10000) in paragraph at lines 44--49

 []


Underfull \hbox (badness 10000) in paragraph at lines 51--53

 []

(./Listings/Kinect_Skeleton.cs [24]
Overfull \hbox (0.16846pt too wide) in paragraph at lines 11--12
[][][][][][][][][][][][]  
 []


Overfull \hbox (22.39865pt too wide) in paragraph at lines 24--25
[][][][][][][][][][][][]  
 []

) [25] <Bilder/Kinect_Studio.png, id=628, 1028.34187pt x 752.8125pt>
File: Bilder/Kinect_Studio.png Graphic file (type png)

<use Bilder/Kinect_Studio.png>
Package pdftex.def Info: Bilder/Kinect_Studio.png used on input line 73.
(pdftex.def)             Requested size: 411.32947pt x 301.11966pt.
)) (./Kapitel/Nao/Nao.tex
Overfull \hbox (4.79886pt too wide) in paragraph at lines 77--1
\OT1/cmr/m/n/12 Das Verbinden funk-tion-iert je-doch nur, wenn Kinect per USB a
k-tuell angeschlossen
 []

[26 <./Bilder/Kinect_Studio.png>] [27]
Kapitel 4.

LaTeX Warning: Citation `ws:wikinao' on page 28 undefined on input line 2.


Overfull \hbox (0.89601pt too wide) in paragraph at lines 2--3
\OT1/cmr/m/n/12 nen Ausf[]uhrungen mit ver-schieden ver-baut-en Sen-soren und k
ostet ungef[]ahr 10.000
 []


Overfull \hbox (23.0208pt too wide) in paragraph at lines 4--5
\OT1/cmr/m/n/12 sowie die zugeh[]orige Soft-ware zur Be-di-enung und Pro-gram-m
ierung des Nao vorgestellt. 
 []

(./Kapitel/Nao/Hardware.tex
<Bilder/nao_overview.jpg, id=640, 423.08063pt x 377.15906pt>
File: Bilder/nao_overview.jpg Graphic file (type jpg)

<use Bilder/nao_overview.jpg>
Package pdftex.def Info: Bilder/nao_overview.jpg used on input line 7.
(pdftex.def)             Requested size: 380.76904pt x 339.44002pt.

Underfull \hbox (badness 10000) in paragraph at lines 3--10

 []

[28

]
Overfull \hbox (25.55135pt too wide) in paragraph at lines 19--25
[]\OT1/cmr/m/n/12 Die Bes-tim-mung der Ge-lenkpo-si-tio-nen er-fol-gt []uber ei
nen mag-netis-chen Drehwinkel-
 []


Underfull \hbox (badness 10000) in paragraph at lines 19--25

 []

[29 <./Bilder/nao_overview.jpg>]
Underfull \hbox (badness 10000) in paragraph at lines 54--64

 []

[30]) (./Kapitel/Nao/Software.tex
Underfull \hbox (badness 10000) in paragraph at lines 2--9

 []

<Bilder/choreographe.png, id=658, 386.19281pt x 259.7203pt>
File: Bilder/choreographe.png Graphic file (type png)

<use Bilder/choreographe.png>
Package pdftex.def Info: Bilder/choreographe.png used on input line 18.
(pdftex.def)             Requested size: 386.19185pt x 259.71967pt.
 [31]
<Bilder/choreographe_prog.jpg, id=666, 648.17157pt x 197.98969pt>
File: Bilder/choreographe_prog.jpg Graphic file (type jpg)

<use Bilder/choreographe_prog.jpg>
Package pdftex.def Info: Bilder/choreographe_prog.jpg used on input line 31.
(pdftex.def)             Requested size: 453.717pt x 138.59183pt.

Overfull \hbox (41.15202pt too wide) in paragraph at lines 31--32
 [][] 
 []

[32 <./Bilder/choreographe.png>]
Underfull \hbox (badness 10000) in paragraph at lines 36--48

 []


Underfull \hbox (badness 10000) in paragraph at lines 36--48

 []


Underfull \hbox (badness 10000) in paragraph at lines 36--48

 []

<Bilder/webots.png, id=672, 465.23813pt x 407.27156pt>
File: Bilder/webots.png Graphic file (type png)
 <use Bilder/webots.png>
Package pdftex.def Info: Bilder/webots.png used on input line 51.
(pdftex.def)             Requested size: 465.23698pt x 407.27055pt.

Overfull \hbox (52.67201pt too wide) in paragraph at lines 51--52
 [][] 
 []

[33 <./Bilder/choreographe_prog.jpg>]
Underfull \hbox (badness 10000) in paragraph at lines 58--62

 []

[34 <./Bilder/webots.png>]) (./Kapitel/Nao/SDK.tex
Underfull \hbox (badness 10000) in paragraph at lines 5--10

 []

<Bilder/naoqi_ov.PNG, id=686, 431.36156pt x 236.38312pt>
File: Bilder/naoqi_ov.PNG Graphic file (type png)

<use Bilder/naoqi_ov.PNG>
Package pdftex.def Info: Bilder/naoqi_ov.PNG used on input line 19.
(pdftex.def)             Requested size: 345.0897pt x 189.10675pt.


LaTeX Warning: Citation `ws:naodocu' on page 35 undefined on input line 34.

! Undefined control sequence.
l.34 ...ie Methoden exakt gleich sind kann die \ac
                                                  {API} (dt: Programmierschn...

? 
! Undefined control sequence.
l.34 ...ammiersprachen, aufgerufen werden. Die \ac
                                                  {API} ist in acht Programm...

? 

Underfull \hbox (badness 10000) in paragraph at lines 27--35

 []

[35 <./Bilder/naoqi_ov.PNG>]
Underfull \hbox (badness 10000) in paragraph at lines 36--38

 []

<Bilder/naoqi_process1.PNG, id=694, 462.97969pt x 290.58563pt>
File: Bilder/naoqi_process1.PNG Graphic file (type png)

<use Bilder/naoqi_process1.PNG>
Package pdftex.def Info: Bilder/naoqi_process1.PNG used on input line 43.
(pdftex.def)             Requested size: 370.38425pt x 232.46881pt.
 [36]
<Bilder/naoqi_process2.PNG, id=701, 469.755pt x 294.34969pt>
File: Bilder/naoqi_process2.PNG Graphic file (type png)

<use Bilder/naoqi_process2.PNG>
Package pdftex.def Info: Bilder/naoqi_process2.PNG used on input line 54.
(pdftex.def)             Requested size: 375.80452pt x 235.48006pt.
 [37 <./Bilder/naoqi_process1.PNG> <./Bilder/naoqi_process2.PNG>]
Underfull \hbox (badness 10000) in paragraph at lines 63--69

 []


Overfull \hbox (3.4612pt too wide) in paragraph at lines 72--73
[]\OT1/cmr/m/n/12 Nur den Na-men des Moduls be-nutzen. In diesem Fall muss der 
auszuf[]uhrende
 []


Underfull \hbox (badness 10000) in paragraph at lines 75--77

 []

[38]
Overfull \hbox (4.16118pt too wide) in paragraph at lines 84--87
\OT1/cmr/m/n/12 k[]onnen dadurch von au^^Yen ein-fach-er de-bug-gt wer-den. All
erd-ings sind sie langsamer
 []

(./Listings/module_comm.cs)
<Bilder/blockingcall.PNG, id=715, 415.5525pt x 259.7203pt>
File: Bilder/blockingcall.PNG Graphic file (type png)

<use Bilder/blockingcall.PNG>
Package pdftex.def Info: Bilder/blockingcall.PNG used on input line 104.
(pdftex.def)             Requested size: 332.44244pt x 207.77652pt.

Underfull \hbox (badness 10000) in paragraph at lines 95--107

 []

[39] <Bilder/nonblockingcall.PNG, id=727, 473.51906pt x 255.95625pt>
File: Bilder/nonblockingcall.PNG Graphic file (type png)

<use Bilder/nonblockingcall.PNG>
Package pdftex.def Info: Bilder/nonblockingcall.PNG used on input line 111.
(pdftex.def)             Requested size: 378.81575pt x 204.76526pt.
 [40 <./Bilder/blockingcall.PNG> <./Bilder/nonblockingcall.PNG>] (./Listings/he
lloWorld.cs)))
(./Kapitel/Realisierung/Realisierung.tex [41]
Kapitel 5.
(./Kapitel/Realisierung/Architektur.tex
<Bilder/classdiagramm.png, id=752, 557.83406pt x 710.655pt>
File: Bilder/classdiagramm.png Graphic file (type png)

<use Bilder/classdiagramm.png>
Package pdftex.def Info: Bilder/classdiagramm.png used on input line 32.
(pdftex.def)             Requested size: 446.26784pt x 568.52477pt.

Overfull \hbox (33.70287pt too wide) in paragraph at lines 32--33
 [][] 
 []

[42

]
Overfull \hbox (1.44122pt too wide) in paragraph at lines 38--39
\OT1/cmr/m/n/12 Klasse \OT1/cmr/bx/n/12 Main-Win-dow\OT1/cmr/m/n/12 . Hi-er-bei
 wer-den alle Pa-ram-e-ter ini-tial-isiert und alle n[]otigen
 []


Overfull \hbox (3.26953pt too wide) in paragraph at lines 38--39
\OT1/cmr/m/n/12 Kapi-tel ...SDK... beschrieben, der Tiefen-stream und der Skele
-ton-stream der Kinect
 []


Overfull \hbox (1.37936pt too wide) in paragraph at lines 38--39
\OT1/cmr/m/n/12 ak-tiviert und an-schlie^^Yend ein []All-Frames-Ready-Event reg
-istri-ert, das be-nutzt wird,
 []

[43 <./Bilder/classdiagramm.png>] [44]
<Bilder/Flussdiagramm.png, id=767, 297.11pt x 612.2875pt>
File: Bilder/Flussdiagramm.png Graphic file (type png)

<use Bilder/Flussdiagramm.png>
Package pdftex.def Info: Bilder/Flussdiagramm.png used on input line 69.
(pdftex.def)             Requested size: 237.68831pt x 489.83067pt.
) (./Kapitel/Realisierung/Algo.tex [45] [46 <./Bilder/Flussdiagramm.png>]
Overfull \hbox (0.33223pt too wide) in paragraph at lines 6--6
[]
 []


Underfull \hbox (badness 10000) in paragraph at lines 6--6

 []


Underfull \hbox (badness 10000) in paragraph at lines 29--30

 []

[47] (./Listings/getAngle3.cs)
Underfull \hbox (badness 10000) in paragraph at lines 39--40

 []

(./Listings/getAngle4.cs) [48]
! Undefined control sequence.
l.47 \todo
          {Methode beschreiben}
? 
) (./Kapitel/Realisierung/NaoAlgo.tex
Underfull \hbox (badness 10000) in paragraph at lines 2--8

 []

(./Listings/controlArm.cs)
Overfull \hbox (7.24716pt too wide) in paragraph at lines 19--20
[]\OT1/cmr/m/n/12 Dieses wird in Zeile f[]unf an die Funk-tion \OT1/cmss/m/n/12
 ver-i-fyAn-gles []\OT1/cmr/m/n/12 ubergeben. Diese []uberpr[]uft
 []

[49]
Overfull \hbox (36.02045pt too wide) in paragraph at lines 21--27
\OT1/cmr/m/n/12 men der be-trof-fe-nen Ge-lenke (\OT1/cmss/m/n/12 joints\OT1/cm
r/m/n/12 ) wird zus[]atzlich noch der Wert \OT1/cmss/m/n/12 Arm.fractionMaxSpee
d
 []


Underfull \hbox (badness 10000) in paragraph at lines 21--27

 []

(./Listings/controlArm2.cs) [50] (./Listings/checkDifference.cs)
Overfull \hbox (29.25685pt too wide) in paragraph at lines 46--47
[]\OT1/cmr/m/n/12 ubergebenen Ge-lenke an die []ubergebenen Winkel mit der []ub
ergebenen Geschwindigkeit.
 []

) (./Kapitel/Realisierung/Prototyp.tex
! Undefined control sequence.
l.5 ...oft Kinect SDK näher kennen zu lernen\todo
                                                  {getrennt zusammen?}. Der ...

? 
! Undefined control sequence.
l.10 \todo
          {Bild}
? 
[51]
Overfull \hbox (4.08081pt too wide) in paragraph at lines 13--14
\OT1/cmr/m/n/12 Zur Einar-beitung in das Nao-SDK wurde eine An-wen-dung er-stel
lt, die ver-schiedene
 []

<Bilder/nao_prototyp1.PNG, id=851, 220.57407pt x 211.54031pt>
File: Bilder/nao_prototyp1.PNG Graphic file (type png)

<use Bilder/nao_prototyp1.PNG>
Package pdftex.def Info: Bilder/nao_prototyp1.PNG used on input line 18.
(pdftex.def)             Requested size: 176.45947pt x 169.23247pt.

! Undefined control sequence.
l.28 \todo
          {Screenshot}
? 
[52 <./Bilder/nao_prototyp1.PNG>]
<Bilder/Programm.png, id=859, 769.37437pt x 813.0375pt>
File: Bilder/Programm.png Graphic file (type png)

<use Bilder/Programm.png>
Package pdftex.def Info: Bilder/Programm.png used on input line 36.
(pdftex.def)             Requested size: 307.7443pt x 325.20924pt.
)) (./Kapitel/Schluss/Schluss.tex [53 <./Bilder/Programm.png>]
Kapitel 6.

Overfull \hbox (7.05133pt too wide) in paragraph at lines 4--5
[][]\OT1/cmr/m/it/12 Re-al-isierung[][] \OT1/cmr/m/n/12 die konkrete Im-ple-men
-tierung beschrieben. In den Grund-la-genkapiteln
 []


Overfull \hbox (7.05133pt too wide) in paragraph at lines 10--11
[][]\OT1/cmr/m/it/12 Re-al-isierung[][] \OT1/cmr/m/n/12 die konkrete Im-ple-men
-tierung beschrieben. In den Grund-la-genkapiteln
 []

[54

]
Overfull \hbox (22.00691pt too wide) in paragraph at lines 12--13
[]\OT1/cmr/m/n/12 Die Ar-chitek-tur inklu-sive der Schnittstellen f[]ur le-icht
-es Aus-tauschen von konkreten
 []


Overfull \hbox (2.42795pt too wide) in paragraph at lines 19--20
[]\OT1/cmr/m/n/12 Steuerung durch Sprache: Die in-te-gri-erte Sprach-bib-lio-th
ek der Kinect k[]onnte
 []


Underfull \hbox (badness 10000) in paragraph at lines 21--26

 []


Overfull \hbox (7.35014pt too wide) in paragraph at lines 21--26
\OT1/cmr/m/n/12 (Xbox ONE) deut-lich gesteigert wer-den. Diese iden-ti-fiziert 
das Skelett noch genauer
 []

(./Kapitel/Schluss/Anwendungsgebiete.tex
Underfull \hbox (badness 10000) in paragraph at lines 2--7

 []

[55]
Underfull \hbox (badness 10000) in paragraph at lines 10--15

 []

)) [56] (./Anhang/anhang.tex
<Anhang/GelenkraumLinks.PNG, id=895, 391.4625pt x 478.78876pt>
File: Anhang/GelenkraumLinks.PNG Graphic file (type png)

<use Anhang/GelenkraumLinks.PNG>
Package pdftex.def Info: Anhang/GelenkraumLinks.PNG used on input line 5.
(pdftex.def)             Requested size: 352.31299pt x 430.9059pt.

<Anhang/GelenkraumRechts.PNG, id=896, 325.215pt x 435.12563pt>
File: Anhang/GelenkraumRechts.PNG Graphic file (type png)

<use Anhang/GelenkraumRechts.PNG>
Package pdftex.def Info: Anhang/GelenkraumRechts.PNG used on input line 11.
(pdftex.def)             Requested size: 292.6908pt x 391.60944pt.
 [57

 <./Anhang/GelenkraumLinks.PNG>])
No file Projektbericht.bbl.
! Undefined control sequence.
l.198 \todos
                                 % Liste der ToDo's --> Pakte: todo und Komm...

? 
Package atveryend Info: Empty hook `BeforeClearDocument' on input line 200.
[58 <./Anhang/GelenkraumRechts.PNG>]
Package atveryend Info: Empty hook `AfterLastShipout' on input line 200.
 (./Projektbericht.aux)
Package atveryend Info: Executing hook `AtVeryEndDocument' on input line 200.
Package atveryend Info: Executing hook `AtEndAfterFileList' on input line 200.
Package rerunfilecheck Info: File `Projektbericht.out' has not changed.
(rerunfilecheck)             Checksum: 75FBF3A456F04F751BA54995EDBAEE1D;3660.


LaTeX Warning: There were undefined references.

Package atveryend Info: Empty hook `AtVeryVeryEnd' on input line 200.
 ) 
Here is how much of TeX's memory you used:
 19917 strings out of 495059
 363671 string characters out of 3182031
 512497 words of memory out of 3000000
 22317 multiletter control sequences out of 15000+200000
 9970 words of font info for 35 fonts, out of 3000000 for 9000
 14 hyphenation exceptions out of 8191
 56i,12n,56p,1335b,1898s stack positions out of 5000i,500n,10000p,200000b,50000s
</usr/share/texlive/texmf-dist/fonts/type1/public/amsfonts/cm/cmbx12.pfb></us
r/share/texlive/texmf-dist/fonts/type1/public/amsfonts/cm/cmcsc10.pfb></usr/sha
re/texlive/texmf-dist/fonts/type1/public/amsfonts/cm/cmmi12.pfb></usr/share/tex
live/texmf-dist/fonts/type1/public/amsfonts/cm/cmmi8.pfb></usr/share/texlive/te
xmf-dist/fonts/type1/public/amsfonts/cm/cmr10.pfb></usr/share/texlive/texmf-dis
t/fonts/type1/public/amsfonts/cm/cmr12.pfb></usr/share/texlive/texmf-dist/fonts
/type1/public/amsfonts/cm/cmr17.pfb></usr/share/texlive/texmf-dist/fonts/type1/
public/amsfonts/cm/cmr7.pfb></usr/share/texlive/texmf-dist/fonts/type1/public/a
msfonts/cm/cmr8.pfb></usr/share/texlive/texmf-dist/fonts/type1/public/amsfonts/
cm/cmss12.pfb></usr/share/texlive/texmf-dist/fonts/type1/public/amsfonts/cm/cms
y10.pfb></usr/share/texlive/texmf-dist/fonts/type1/public/amsfonts/cm/cmsy8.pfb
></usr/share/texlive/texmf-dist/fonts/type1/public/amsfonts/cm/cmti10.pfb></usr
/share/texlive/texmf-dist/fonts/type1/public/amsfonts/cm/cmti12.pfb></usr/share
/texlive/texmf-dist/fonts/type1/public/amsfonts/cm/cmtt12.pfb>
Output written on Projektbericht.pdf (66 pages, 3770514 bytes).
PDF statistics:
 1023 PDF objects out of 1200 (max. 8388607)
 889 compressed objects within 9 object streams
 289 named destinations out of 1000 (max. 500000)
 593 words of extra memory for PDF output out of 10000 (max. 10000000)

